<?xml version="1.0" encoding="UTF-8"?>
<!-- Generated by org.testng.reporters.JUnitReportReporter -->
<testsuite hostname="USBLRPANARASIM9" failures="0" tests="3" name="rahulshettyacademy.test.SubmitTest" time="58.839" errors="0" timestamp="09 Dec 2024 06:36:53 GMT" skipped="0">
  <testcase classname="rahulshettyacademy.test.SubmitTest" name="OrderHistoryTest" time="10.912"/>
  <testcase classname="rahulshettyacademy.test.SubmitTest" name="submitTestOrder" time="23.463"/>
  <testcase classname="rahulshettyacademy.test.SubmitTest" name="submitTestOrder" time="24.464"/>
</testsuite> <!-- rahulshettyacademy.test.SubmitTest -->
