<?xml version="1.0" encoding="UTF-8"?>
<!-- Generated by org.testng.reporters.JUnitReportReporter -->
<testsuite hostname="USBLRPANARASIM9" failures="0" tests="1" name="rahulshettyacademy.SubmitTest" time="27.341" errors="0" timestamp="05 Dec 2024 16:56:39 GMT" skipped="0">
  <testcase classname="rahulshettyacademy.SubmitTest" name="submitTestOrder" time="27.341"/>
</testsuite> <!-- rahulshettyacademy.SubmitTest -->
