<?xml version="1.0" encoding="UTF-8"?>
<!-- Generated by org.testng.reporters.JUnitReportReporter -->
<testsuite hostname="USBLRPANARASIM9" failures="0" tests="3" name="rahulshettyacademy.test.SubmitTest" time="60.508" errors="0" timestamp="09 Dec 2024 14:33:15 GMT" skipped="0">
  <testcase classname="rahulshettyacademy.test.SubmitTest" name="OrderHistoryTest" time="13.095"/>
  <testcase classname="rahulshettyacademy.test.SubmitTest" name="submitTestOrder" time="20.958"/>
  <testcase classname="rahulshettyacademy.test.SubmitTest" name="submitTestOrder" time="26.455"/>
</testsuite> <!-- rahulshettyacademy.test.SubmitTest -->
