<?xml version="1.0" encoding="UTF-8"?>
<!-- Generated by org.testng.reporters.JUnitReportReporter -->
<testsuite hostname="USBLRPANARASIM9" failures="0" tests="2" name="rahulshettyacademy.test.errorValidationsTest" time="25.023" errors="0" timestamp="09 Dec 2024 14:33:15 GMT" skipped="0">
  <testcase classname="rahulshettyacademy.test.errorValidationsTest" name="prodcutErrorValidation" time="17.975"/>
  <testcase classname="rahulshettyacademy.test.errorValidationsTest" name="logincase" time="7.048"/>
</testsuite> <!-- rahulshettyacademy.test.errorValidationsTest -->
